<?xml version="1.0" encoding="UTF-8" standalone="no"?><testsuite errors="1" failures="0" name="Login" skipped="0" tests="1" time="21.5" timestamp="2023-10-30 04:24:51"><testcase name="Get List Product And Export To File"><error message="element not interactable&#10;  (Session info: chrome=118.0.5993.118)&#10;Build info: version: '4.1.2', revision: '9a5a329c5a'&#10;System info: host: 'FCA-00002', ip: '192.168.10.83', os.name: 'Windows 10', os.arch: 'amd64', os.version: '10.0', java.version: '1.8.0_202'&#10;Driver info: org.openqa.selenium.chrome.ChromeDriver&#10;Command: [acde84439a82bfdab39c247ebded359b, clickElement {id=1E68ADCD264DD43C880BD3B2C41E1AD8_element_67}]&#10;Capabilities {acceptInsecureCerts: false, browserName: chrome, browserVersion: 118.0.5993.118, chrome: {chromedriverVersion: 118.0.5993.70 (e52f33f30b91..., userDataDir: C:\Users\dunghv1\AppData\Lo...}, fedcm:accounts: true, goog:chromeOptions: {debuggerAddress: localhost:51975}, javascriptEnabled: true, networkConnectionEnabled: false, pageLoadStrategy: normal, platform: WINDOWS, platformName: WINDOWS, proxy: Proxy(), se:cdp: ws://localhost:51975/devtoo..., se:cdpVersion: 118.0.5993.118, setWindowRect: true, strictFileInteractability: false, timeouts: {implicit: 0, pageLoad: 300000, script: 30000}, unhandledPromptBehavior: dismiss and notify, webauthn:extension:credBlob: true, webauthn:extension:largeBlob: true, webauthn:extension:minPinLength: true, webauthn:extension:prf: true, webauthn:virtualAuthenticators: true}&#10;Element: [[ChromeDriver: chrome on WINDOWS (acde84439a82bfdab39c247ebded359b)] -&gt; xpath: //li[@class='cmp-navigation__item cmp-navigation__item--level-3 c-gnb__item c-gnb__item--detail']]&#10;Session ID: acde84439a82bfdab39c247ebded359b&#10;Build info: version: '4.1.2', revision: '9a5a329c5a'&#10;System info: host: 'FCA-00002', ip: '192.168.10.83', os.name: 'Windows 10', os.arch: 'amd64', os.version: '10.0', java.version: '1.8.0_202'&#10;Driver info: driver.version: unknown" type="org.openqa.selenium.ElementNotInteractableException">element not interactable
  (Session info: chrome=118.0.5993.118)
Build info: version: '4.1.2', revision: '9a5a329c5a'
System info: host: 'FCA-00002', ip: '192.168.10.83', os.name: 'Windows 10', os.arch: 'amd64', os.version: '10.0', java.version: '1.8.0_202'
Driver info: org.openqa.selenium.chrome.ChromeDriver
Command: [acde84439a82bfdab39c247ebded359b, clickElement {id=1E68ADCD264DD43C880BD3B2C41E1AD8_element_67}]
Capabilities {acceptInsecureCerts: false, browserName: chrome, browserVersion: 118.0.5993.118, chrome: {chromedriverVersion: 118.0.5993.70 (e52f33f30b91..., userDataDir: C:\Users\dunghv1\AppData\Lo...}, fedcm:accounts: true, goog:chromeOptions: {debuggerAddress: localhost:51975}, javascriptEnabled: true, networkConnectionEnabled: false, pageLoadStrategy: normal, platform: WINDOWS, platformName: WINDOWS, proxy: Proxy(), se:cdp: ws://localhost:51975/devtoo..., se:cdpVersion: 118.0.5993.118, setWindowRect: true, strictFileInteractability: false, timeouts: {implicit: 0, pageLoad: 300000, script: 30000}, unhandledPromptBehavior: dismiss and notify, webauthn:extension:credBlob: true, webauthn:extension:largeBlob: true, webauthn:extension:minPinLength: true, webauthn:extension:prf: true, webauthn:virtualAuthenticators: true}
Element: [[ChromeDriver: chrome on WINDOWS (acde84439a82bfdab39c247ebded359b)] -&gt; xpath: //li[@class='cmp-navigation__item cmp-navigation__item--level-3 c-gnb__item c-gnb__item--detail']]
Session ID: acde84439a82bfdab39c247ebded359b
Build info: version: '4.1.2', revision: '9a5a329c5a'
System info: host: 'FCA-00002', ip: '192.168.10.83', os.name: 'Windows 10', os.arch: 'amd64', os.version: '10.0', java.version: '1.8.0_202'
Driver info: driver.version: unknown</error><system-err>element not interactable
  (Session info: chrome=118.0.5993.118)
Build info: version: '4.1.2', revision: '9a5a329c5a'
System info: host: 'FCA-00002', ip: '192.168.10.83', os.name: 'Windows 10', os.arch: 'amd64', os.version: '10.0', java.version: '1.8.0_202'
Driver info: org.openqa.selenium.chrome.ChromeDriver
Command: [acde84439a82bfdab39c247ebded359b, clickElement {id=1E68ADCD264DD43C880BD3B2C41E1AD8_element_67}]
Capabilities {acceptInsecureCerts: false, browserName: chrome, browserVersion: 118.0.5993.118, chrome: {chromedriverVersion: 118.0.5993.70 (e52f33f30b91..., userDataDir: C:\Users\dunghv1\AppData\Lo...}, fedcm:accounts: true, goog:chromeOptions: {debuggerAddress: localhost:51975}, javascriptEnabled: true, networkConnectionEnabled: false, pageLoadStrategy: normal, platform: WINDOWS, platformName: WINDOWS, proxy: Proxy(), se:cdp: ws://localhost:51975/devtoo..., se:cdpVersion: 118.0.5993.118, setWindowRect: true, strictFileInteractability: false, timeouts: {implicit: 0, pageLoad: 300000, script: 30000}, unhandledPromptBehavior: dismiss and notify, webauthn:extension:credBlob: true, webauthn:extension:largeBlob: true, webauthn:extension:minPinLength: true, webauthn:extension:prf: true, webauthn:virtualAuthenticators: true}
Element: [[ChromeDriver: chrome on WINDOWS (acde84439a82bfdab39c247ebded359b)] -&gt; xpath: //li[@class='cmp-navigation__item cmp-navigation__item--level-3 c-gnb__item c-gnb__item--detail']]
Session ID: acde84439a82bfdab39c247ebded359b
Build info: version: '4.1.2', revision: '9a5a329c5a'
System info: host: 'FCA-00002', ip: '192.168.10.83', os.name: 'Windows 10', os.arch: 'amd64', os.version: '10.0', java.version: '1.8.0_202'
Driver info: driver.version: unknown&#13;
smartosc.lesson4.Lesson4Step.selectSubCategory(Lesson4Step.java:49)&#13;
✽.Select Random SubCategory(file:///C:/Users/dunghv1/Desktop/Automation/SerenityTemplate/src/test/resources/features/login/login_magento.feature:39)&#13;
</system-err></testcase></testsuite>