<?xml version="1.0" encoding="UTF-8" standalone="no"?><testsuite errors="1" failures="0" name="Login" skipped="0" tests="1" time="32.65" timestamp="2023-11-01 04:40:26"><testcase name="Get List Product And Export To File"><error message="element click intercepted: Element is not clickable at point (1014, 2605)&#10;  (Session info: chrome=118.0.5993.118)&#10;Build info: version: '4.1.2', revision: '9a5a329c5a'&#10;System info: host: 'FCA-00002', ip: '192.168.10.83', os.name: 'Windows 10', os.arch: 'amd64', os.version: '10.0', java.version: '1.8.0_202'&#10;Driver info: org.openqa.selenium.chrome.ChromeDriver&#10;Command: [6e78a60aaeadcb2ebce227416e17c523, clickElement {id=FECBB8E5119AAC6E465C14E4FB036485_element_160}]&#10;Capabilities {acceptInsecureCerts: false, browserName: chrome, browserVersion: 118.0.5993.118, chrome: {chromedriverVersion: 118.0.5993.70 (e52f33f30b91..., userDataDir: C:\Users\dunghv1\AppData\Lo...}, fedcm:accounts: true, goog:chromeOptions: {debuggerAddress: localhost:65164}, javascriptEnabled: true, networkConnectionEnabled: false, pageLoadStrategy: normal, platform: WINDOWS, platformName: WINDOWS, proxy: Proxy(), se:cdp: ws://localhost:65164/devtoo..., se:cdpVersion: 118.0.5993.118, setWindowRect: true, strictFileInteractability: false, timeouts: {implicit: 0, pageLoad: 300000, script: 30000}, unhandledPromptBehavior: dismiss and notify, webauthn:extension:credBlob: true, webauthn:extension:largeBlob: true, webauthn:extension:minPinLength: true, webauthn:extension:prf: true, webauthn:virtualAuthenticators: true}&#10;Element: [[ChromeDriver: chrome on WINDOWS (6e78a60aaeadcb2ebce227416e17c523)] -&gt; xpath: //li[@class='c-page__item']]&#10;Session ID: 6e78a60aaeadcb2ebce227416e17c523&#10;Build info: version: '4.1.2', revision: '9a5a329c5a'&#10;System info: host: 'FCA-00002', ip: '192.168.10.83', os.name: 'Windows 10', os.arch: 'amd64', os.version: '10.0', java.version: '1.8.0_202'&#10;Driver info: driver.version: unknown" type="org.openqa.selenium.ElementClickInterceptedException">element click intercepted: Element is not clickable at point (1014, 2605)
  (Session info: chrome=118.0.5993.118)
Build info: version: '4.1.2', revision: '9a5a329c5a'
System info: host: 'FCA-00002', ip: '192.168.10.83', os.name: 'Windows 10', os.arch: 'amd64', os.version: '10.0', java.version: '1.8.0_202'
Driver info: org.openqa.selenium.chrome.ChromeDriver
Command: [6e78a60aaeadcb2ebce227416e17c523, clickElement {id=FECBB8E5119AAC6E465C14E4FB036485_element_160}]
Capabilities {acceptInsecureCerts: false, browserName: chrome, browserVersion: 118.0.5993.118, chrome: {chromedriverVersion: 118.0.5993.70 (e52f33f30b91..., userDataDir: C:\Users\dunghv1\AppData\Lo...}, fedcm:accounts: true, goog:chromeOptions: {debuggerAddress: localhost:65164}, javascriptEnabled: true, networkConnectionEnabled: false, pageLoadStrategy: normal, platform: WINDOWS, platformName: WINDOWS, proxy: Proxy(), se:cdp: ws://localhost:65164/devtoo..., se:cdpVersion: 118.0.5993.118, setWindowRect: true, strictFileInteractability: false, timeouts: {implicit: 0, pageLoad: 300000, script: 30000}, unhandledPromptBehavior: dismiss and notify, webauthn:extension:credBlob: true, webauthn:extension:largeBlob: true, webauthn:extension:minPinLength: true, webauthn:extension:prf: true, webauthn:virtualAuthenticators: true}
Element: [[ChromeDriver: chrome on WINDOWS (6e78a60aaeadcb2ebce227416e17c523)] -&gt; xpath: //li[@class='c-page__item']]
Session ID: 6e78a60aaeadcb2ebce227416e17c523
Build info: version: '4.1.2', revision: '9a5a329c5a'
System info: host: 'FCA-00002', ip: '192.168.10.83', os.name: 'Windows 10', os.arch: 'amd64', os.version: '10.0', java.version: '1.8.0_202'
Driver info: driver.version: unknown</error><system-err>element click intercepted: Element is not clickable at point (1014, 2605)
  (Session info: chrome=118.0.5993.118)
Build info: version: '4.1.2', revision: '9a5a329c5a'
System info: host: 'FCA-00002', ip: '192.168.10.83', os.name: 'Windows 10', os.arch: 'amd64', os.version: '10.0', java.version: '1.8.0_202'
Driver info: org.openqa.selenium.chrome.ChromeDriver
Command: [6e78a60aaeadcb2ebce227416e17c523, clickElement {id=FECBB8E5119AAC6E465C14E4FB036485_element_160}]
Capabilities {acceptInsecureCerts: false, browserName: chrome, browserVersion: 118.0.5993.118, chrome: {chromedriverVersion: 118.0.5993.70 (e52f33f30b91..., userDataDir: C:\Users\dunghv1\AppData\Lo...}, fedcm:accounts: true, goog:chromeOptions: {debuggerAddress: localhost:65164}, javascriptEnabled: true, networkConnectionEnabled: false, pageLoadStrategy: normal, platform: WINDOWS, platformName: WINDOWS, proxy: Proxy(), se:cdp: ws://localhost:65164/devtoo..., se:cdpVersion: 118.0.5993.118, setWindowRect: true, strictFileInteractability: false, timeouts: {implicit: 0, pageLoad: 300000, script: 30000}, unhandledPromptBehavior: dismiss and notify, webauthn:extension:credBlob: true, webauthn:extension:largeBlob: true, webauthn:extension:minPinLength: true, webauthn:extension:prf: true, webauthn:virtualAuthenticators: true}
Element: [[ChromeDriver: chrome on WINDOWS (6e78a60aaeadcb2ebce227416e17c523)] -&gt; xpath: //li[@class='c-page__item']]
Session ID: 6e78a60aaeadcb2ebce227416e17c523
Build info: version: '4.1.2', revision: '9a5a329c5a'
System info: host: 'FCA-00002', ip: '192.168.10.83', os.name: 'Windows 10', os.arch: 'amd64', os.version: '10.0', java.version: '1.8.0_202'
Driver info: driver.version: unknown&#13;
smartosc.lesson4.Lesson4Step.getDataInPDP(Lesson4Step.java:125)&#13;
✽.Get Info Product(file:///C:/Users/dunghv1/Desktop/Automation/SerenityTemplate/src/test/resources/features/login/login_magento.feature:39)&#13;
</system-err></testcase></testsuite>